* Thu Apr 27 16:33:02 MSD 2006: 
java.lang.NullPointerException
	at java.lang.Throwable.<init>(Throwable.java)
	at java.lang.Throwable.<init>(Throwable.java)
	at java.lang.NullPointerException.<init>(NullPointerException.java:63)
	at com.ibm.debug.internal.pdt.ui.editor.DebuggerEditor.updateProfile(DebuggerEditor.java:386)
	at com.ibm.lpex.alef.LpexAbstractTextEditor.doUpdateProfile(LpexAbstractTextEditor.java:3954)
	at com.ibm.lpex.alef.LpexSourceViewer.updateProfile(LpexSourceViewer.java:854)
	at com.ibm.lpex.alef.LpexTextViewer.doUpdateProfile(LpexTextViewer.java:2230)
	at com.ibm.lpex.alef.LpexTextViewer.access$100(LpexTextViewer.java:312)
	at com.ibm.lpex.alef.LpexTextViewer$2.updateProfile(LpexTextViewer.java:713)
	at com.ibm.lpex.core.ViewListenerList.updateProfile(ViewListenerList.java:214)
	at com.ibm.lpex.core.View.updateProfile(View.java:465)
	at com.ibm.lpex.core.UpdateProfileCommand.doCommand(UpdateProfileCommand.java:1409)
	at com.ibm.lpex.core.CommandHandler.doDefaultCommand(CommandHandler.java:405)
	at com.ibm.lpex.core.LpexView.doDefaultCommand(LpexView.java:443)
	at com.ibm.lpex.alef.LpexTextViewer.initializeWidgetContents(LpexTextViewer.java:1758)
	at com.ibm.lpex.alef.LpexTextViewer.setVisibleDocument(LpexTextViewer.java:1800)
	at com.ibm.lpex.alef.LpexTextViewer.setDocument(LpexTextViewer.java:1381)
	at com.ibm.lpex.alef.LpexSourceViewer.setDocument(LpexSourceViewer.java:560)
	at com.ibm.lpex.alef.LpexSourceViewer.setDocument(LpexSourceViewer.java:503)
	at com.ibm.lpex.alef.LpexAbstractTextEditor.initializeSourceViewer(LpexAbstractTextEditor.java:1650)
	at com.ibm.lpex.alef.LpexAbstractTextEditor.createPartControl(LpexAbstractTextEditor.java:1599)
	at com.ibm.lpex.alef.LpexStatusTextEditor.createPartControl(LpexStatusTextEditor.java:75)
	at com.ibm.debug.internal.pdt.ui.editor.DebuggerEditor.createPartControl(DebuggerEditor.java:336)
	at org.eclipse.ui.internal.PartPane$4.run(PartPane.java:141)
	at org.eclipse.core.internal.runtime.InternalPlatform.run(InternalPlatform.java)
	at org.eclipse.core.runtime.Platform.run(Platform.java)
	at org.eclipse.ui.internal.PartPane.createChildControl(PartPane.java:137)
	at org.eclipse.ui.internal.PartPane.createControl(PartPane.java:186)
	at org.eclipse.ui.internal.EditorWorkbook.createPage(EditorWorkbook.java:387)
	at org.eclipse.ui.internal.EditorWorkbook.add(EditorWorkbook.java:123)
	at org.eclipse.ui.internal.EditorArea.addEditor(EditorArea.java:55)
	at org.eclipse.ui.internal.EditorPresentation.openEditor(EditorPresentation.java:351)
	at org.eclipse.ui.internal.EditorManager$2.run(EditorManager.java:585)
	at org.eclipse.swt.custom.BusyIndicator.showWhile(BusyIndicator.java)
	at org.eclipse.ui.internal.EditorManager.createEditorTab(EditorManager.java:574)
	at org.eclipse.ui.internal.EditorManager.openInternalEditor(EditorManager.java:668)
	at org.eclipse.ui.internal.EditorManager.openEditorFromDescriptor(EditorManager.java:459)
	at org.eclipse.ui.internal.EditorManager.openEditor(EditorManager.java:431)
	at org.eclipse.ui.internal.WorkbenchPage.busyOpenEditor(WorkbenchPage.java:2054)
	at org.eclipse.ui.internal.WorkbenchPage.access$6(WorkbenchPage.java:2004)
	at org.eclipse.ui.internal.WorkbenchPage$9.run(WorkbenchPage.java:1991)
	at org.eclipse.swt.custom.BusyIndicator.showWhile(BusyIndicator.java)
	at org.eclipse.ui.internal.WorkbenchPage.openEditor(WorkbenchPage.java:1986)
	at org.eclipse.ui.internal.WorkbenchPage.openEditor(WorkbenchPage.java:1879)
	at org.eclipse.ui.actions.OpenWithMenu.openEditor(OpenWithMenu.java:237)
	at org.eclipse.ui.actions.OpenWithMenu.access$0(OpenWithMenu.java:231)
	at org.eclipse.ui.actions.OpenWithMenu$2.handleEvent(OpenWithMenu.java:155)
	at org.eclipse.swt.widgets.EventTable.sendEvent(EventTable.java)
	at org.eclipse.swt.widgets.Widget.sendEvent(Widget.java)
	at org.eclipse.swt.widgets.Display.runDeferredEvents(Display.java)
	at org.eclipse.swt.widgets.Display.readAndDispatch(Display.java)
	at org.eclipse.ui.internal.Workbench.runEventLoop(Workbench.java:1402)
	at org.eclipse.ui.internal.Workbench.run(Workbench.java:1385)
	at org.eclipse.core.internal.boot.InternalBootLoader.run(InternalBootLoader.java:858)
	at org.eclipse.core.boot.BootLoader.run(BootLoader.java:461)
	at java.lang.reflect.AccessibleObject.invokeL(AccessibleObject.java:207)
	at java.lang.reflect.Method.invoke(Method.java:271)
	at org.eclipse.core.launcher.Main.basicRun(Main.java:291)
	at org.eclipse.core.launcher.Main.run(Main.java:747)
	at org.eclipse.core.launcher.Main.main(Main.java:583)
* Fri Jun 08 11:08:36 MSD 2007: 
java.lang.NullPointerException
	at java.lang.Throwable.<init>(Throwable.java)
	at java.lang.Throwable.<init>(Throwable.java)
	at java.lang.NullPointerException.<init>(NullPointerException.java:63)
	at com.ibm.debug.internal.pdt.ui.editor.DebuggerEditor.updateProfile(DebuggerEditor.java:386)
	at com.ibm.lpex.alef.LpexAbstractTextEditor.doUpdateProfile(LpexAbstractTextEditor.java:3954)
	at com.ibm.lpex.alef.LpexSourceViewer.updateProfile(LpexSourceViewer.java:854)
	at com.ibm.lpex.alef.LpexTextViewer.doUpdateProfile(LpexTextViewer.java:2230)
	at com.ibm.lpex.alef.LpexTextViewer.access$100(LpexTextViewer.java:312)
	at com.ibm.lpex.alef.LpexTextViewer$2.updateProfile(LpexTextViewer.java:713)
	at com.ibm.lpex.core.ViewListenerList.updateProfile(ViewListenerList.java:214)
	at com.ibm.lpex.core.View.updateProfile(View.java:465)
	at com.ibm.lpex.core.UpdateProfileCommand.doCommand(UpdateProfileCommand.java:1409)
	at com.ibm.lpex.core.CommandHandler.doDefaultCommand(CommandHandler.java:405)
	at com.ibm.lpex.core.LpexView.doDefaultCommand(LpexView.java:443)
	at com.ibm.lpex.alef.LpexTextViewer.initializeWidgetContents(LpexTextViewer.java:1758)
	at com.ibm.lpex.alef.LpexTextViewer.setVisibleDocument(LpexTextViewer.java:1800)
	at com.ibm.lpex.alef.LpexTextViewer.setDocument(LpexTextViewer.java:1381)
	at com.ibm.lpex.alef.LpexSourceViewer.setDocument(LpexSourceViewer.java:560)
	at com.ibm.lpex.alef.LpexSourceViewer.setDocument(LpexSourceViewer.java:503)
	at com.ibm.lpex.alef.LpexAbstractTextEditor.initializeSourceViewer(LpexAbstractTextEditor.java:1650)
	at com.ibm.lpex.alef.LpexAbstractTextEditor.createPartControl(LpexAbstractTextEditor.java:1599)
	at com.ibm.lpex.alef.LpexStatusTextEditor.createPartControl(LpexStatusTextEditor.java:75)
	at com.ibm.debug.internal.pdt.ui.editor.DebuggerEditor.createPartControl(DebuggerEditor.java:336)
	at org.eclipse.ui.internal.PartPane$4.run(PartPane.java:141)
	at org.eclipse.core.internal.runtime.InternalPlatform.run(InternalPlatform.java)
	at org.eclipse.core.runtime.Platform.run(Platform.java)
	at org.eclipse.ui.internal.PartPane.createChildControl(PartPane.java:137)
	at org.eclipse.ui.internal.PartPane.createControl(PartPane.java:186)
	at org.eclipse.ui.internal.EditorWorkbook.createPage(EditorWorkbook.java:387)
	at org.eclipse.ui.internal.EditorWorkbook.add(EditorWorkbook.java:123)
	at org.eclipse.ui.internal.EditorArea.addEditor(EditorArea.java:55)
	at org.eclipse.ui.internal.EditorPresentation.openEditor(EditorPresentation.java:351)
	at org.eclipse.ui.internal.EditorManager$2.run(EditorManager.java:585)
	at org.eclipse.swt.custom.BusyIndicator.showWhile(BusyIndicator.java)
	at org.eclipse.ui.internal.EditorManager.createEditorTab(EditorManager.java:574)
	at org.eclipse.ui.internal.EditorManager.openInternalEditor(EditorManager.java:668)
	at org.eclipse.ui.internal.EditorManager.openEditorFromDescriptor(EditorManager.java:459)
	at org.eclipse.ui.internal.EditorManager.openEditor(EditorManager.java:431)
	at org.eclipse.ui.internal.WorkbenchPage.busyOpenEditor(WorkbenchPage.java:2054)
	at org.eclipse.ui.internal.WorkbenchPage.access$6(WorkbenchPage.java:2004)
	at org.eclipse.ui.internal.WorkbenchPage$9.run(WorkbenchPage.java:1991)
	at org.eclipse.swt.custom.BusyIndicator.showWhile(BusyIndicator.java)
	at org.eclipse.ui.internal.WorkbenchPage.openEditor(WorkbenchPage.java:1986)
	at org.eclipse.ui.internal.WorkbenchPage.openEditor(WorkbenchPage.java:1879)
	at org.eclipse.ui.actions.OpenWithMenu.openEditor(OpenWithMenu.java:237)
	at org.eclipse.ui.actions.OpenWithMenu.access$0(OpenWithMenu.java:231)
	at org.eclipse.ui.actions.OpenWithMenu$2.handleEvent(OpenWithMenu.java:155)
	at org.eclipse.swt.widgets.EventTable.sendEvent(EventTable.java)
	at org.eclipse.swt.widgets.Widget.sendEvent(Widget.java)
	at org.eclipse.swt.widgets.Display.runDeferredEvents(Display.java)
	at org.eclipse.swt.widgets.Display.readAndDispatch(Display.java)
	at org.eclipse.ui.internal.Workbench.runEventLoop(Workbench.java:1402)
	at org.eclipse.ui.internal.Workbench.run(Workbench.java:1385)
	at org.eclipse.core.internal.boot.InternalBootLoader.run(InternalBootLoader.java:858)
	at org.eclipse.core.boot.BootLoader.run(BootLoader.java:461)
	at java.lang.reflect.AccessibleObject.invokeL(AccessibleObject.java:207)
	at java.lang.reflect.Method.invoke(Method.java:271)
	at org.eclipse.core.launcher.Main.basicRun(Main.java:291)
	at org.eclipse.core.launcher.Main.run(Main.java:747)
	at org.eclipse.core.launcher.Main.main(Main.java:583)
* Fri Jun 08 11:08:47 MSD 2007: 
java.lang.NullPointerException
	at java.lang.Throwable.<init>(Throwable.java)
	at java.lang.Throwable.<init>(Throwable.java)
	at java.lang.NullPointerException.<init>(NullPointerException.java:63)
	at com.ibm.debug.internal.pdt.ui.editor.DebuggerEditor.updateProfile(DebuggerEditor.java:386)
	at com.ibm.lpex.alef.LpexAbstractTextEditor.doUpdateProfile(LpexAbstractTextEditor.java:3954)
	at com.ibm.lpex.alef.LpexSourceViewer.updateProfile(LpexSourceViewer.java:854)
	at com.ibm.lpex.alef.LpexTextViewer.doUpdateProfile(LpexTextViewer.java:2230)
	at com.ibm.lpex.alef.LpexTextViewer.access$100(LpexTextViewer.java:312)
	at com.ibm.lpex.alef.LpexTextViewer$2.updateProfile(LpexTextViewer.java:713)
	at com.ibm.lpex.core.ViewListenerList.updateProfile(ViewListenerList.java:214)
	at com.ibm.lpex.core.View.updateProfile(View.java:465)
	at com.ibm.lpex.core.UpdateProfileCommand.doCommand(UpdateProfileCommand.java:1409)
	at com.ibm.lpex.core.CommandHandler.doDefaultCommand(CommandHandler.java:405)
	at com.ibm.lpex.core.LpexView.doDefaultCommand(LpexView.java:443)
	at com.ibm.lpex.alef.LpexTextViewer.initializeWidgetContents(LpexTextViewer.java:1758)
	at com.ibm.lpex.alef.LpexTextViewer.setVisibleDocument(LpexTextViewer.java:1800)
	at com.ibm.lpex.alef.LpexTextViewer.setDocument(LpexTextViewer.java:1381)
	at com.ibm.lpex.alef.LpexSourceViewer.setDocument(LpexSourceViewer.java:560)
	at com.ibm.lpex.alef.LpexSourceViewer.setDocument(LpexSourceViewer.java:503)
	at com.ibm.lpex.alef.LpexAbstractTextEditor.initializeSourceViewer(LpexAbstractTextEditor.java:1650)
	at com.ibm.lpex.alef.LpexAbstractTextEditor.createPartControl(LpexAbstractTextEditor.java:1599)
	at com.ibm.lpex.alef.LpexStatusTextEditor.createPartControl(LpexStatusTextEditor.java:75)
	at com.ibm.debug.internal.pdt.ui.editor.DebuggerEditor.createPartControl(DebuggerEditor.java:336)
	at org.eclipse.ui.internal.PartPane$4.run(PartPane.java:141)
	at org.eclipse.core.internal.runtime.InternalPlatform.run(InternalPlatform.java)
	at org.eclipse.core.runtime.Platform.run(Platform.java)
	at org.eclipse.ui.internal.PartPane.createChildControl(PartPane.java:137)
	at org.eclipse.ui.internal.PartPane.createControl(PartPane.java:186)
	at org.eclipse.ui.internal.EditorWorkbook.createPage(EditorWorkbook.java:387)
	at org.eclipse.ui.internal.EditorWorkbook.add(EditorWorkbook.java:123)
	at org.eclipse.ui.internal.EditorArea.addEditor(EditorArea.java:55)
	at org.eclipse.ui.internal.EditorPresentation.openEditor(EditorPresentation.java:351)
	at org.eclipse.ui.internal.EditorManager$2.run(EditorManager.java:585)
	at org.eclipse.swt.custom.BusyIndicator.showWhile(BusyIndicator.java)
	at org.eclipse.ui.internal.EditorManager.createEditorTab(EditorManager.java:574)
	at org.eclipse.ui.internal.EditorManager.openInternalEditor(EditorManager.java:668)
	at org.eclipse.ui.internal.EditorManager.openEditorFromDescriptor(EditorManager.java:459)
	at org.eclipse.ui.internal.EditorManager.openEditor(EditorManager.java:431)
	at org.eclipse.ui.internal.WorkbenchPage.busyOpenEditor(WorkbenchPage.java:2054)
	at org.eclipse.ui.internal.WorkbenchPage.access$6(WorkbenchPage.java:2004)
	at org.eclipse.ui.internal.WorkbenchPage$9.run(WorkbenchPage.java:1991)
	at org.eclipse.swt.custom.BusyIndicator.showWhile(BusyIndicator.java)
	at org.eclipse.ui.internal.WorkbenchPage.openEditor(WorkbenchPage.java:1986)
	at org.eclipse.ui.internal.WorkbenchPage.openEditor(WorkbenchPage.java:1919)
	at org.eclipse.ui.internal.NavigationHistoryEntry.restoreLocation(NavigationHistoryEntry.java:53)
	at org.eclipse.ui.internal.NavigationHistory.gotoEntry(NavigationHistory.java:316)
	at org.eclipse.ui.internal.NavigationHistory.shiftEntry(NavigationHistory.java:360)
	at org.eclipse.ui.internal.NavigationHistory.backward(NavigationHistory.java:347)
	at org.eclipse.ui.internal.NavigationHistoryAction.run(NavigationHistoryAction.java:161)
	at org.eclipse.jface.action.Action.runWithEvent(Action.java:842)
	at org.eclipse.jface.action.ActionContributionItem.handleWidgetSelection(ActionContributionItem.java:456)
	at org.eclipse.jface.action.ActionContributionItem.handleWidgetEvent(ActionContributionItem.java)
	at org.eclipse.jface.action.ActionContributionItem.access$0(ActionContributionItem.java)
	at org.eclipse.jface.action.ActionContributionItem$ActionListener.handleEvent(ActionContributionItem.java)
	at org.eclipse.swt.widgets.EventTable.sendEvent(EventTable.java)
	at org.eclipse.swt.widgets.Widget.sendEvent(Widget.java)
	at org.eclipse.swt.widgets.Display.runDeferredEvents(Display.java)
	at org.eclipse.swt.widgets.Display.readAndDispatch(Display.java)
	at org.eclipse.ui.internal.Workbench.runEventLoop(Workbench.java:1402)
	at org.eclipse.ui.internal.Workbench.run(Workbench.java:1385)
	at org.eclipse.core.internal.boot.InternalBootLoader.run(InternalBootLoader.java:858)
	at org.eclipse.core.boot.BootLoader.run(BootLoader.java:461)
	at java.lang.reflect.AccessibleObject.invokeL(AccessibleObject.java:207)
	at java.lang.reflect.Method.invoke(Method.java:271)
	at org.eclipse.core.launcher.Main.basicRun(Main.java:291)
	at org.eclipse.core.launcher.Main.run(Main.java:747)
	at org.eclipse.core.launcher.Main.main(Main.java:583)
